Command line:
   fsm1_tb_isim_beh.exe
     -simmode  gui
     -simrunnum  0
     -socket  49267

Sat Feb 13 19:04:14 2021


 Elaboration Time: 0.046875 sec

 Current Memory Usage: 490.693 Meg

 Total Signals          : 16
 Total Nets             : 16
 Total Signal Drivers   : 9
 Total Blocks           : 3
 Total Primitive Blocks : 2
 Total Processes        : 13
 Total Traceable Variables  : 23
 Total Scalar Nets and Variables : 102
Total Line Count : 43

 Total Simulation Time: 0.0625 sec

 Current Memory Usage: 490.693 Meg

Sat Feb 13 19:05:32 2021

