Command line:
   johnson_counter_tb_isim_beh.exe
     -simmode  gui
     -simrunnum  0
     -socket  49227

Sat Feb 13 17:07:20 2021


 Elaboration Time: 0.0625 sec

 Current Memory Usage: 490.693 Meg

 Total Signals          : 15
 Total Nets             : 18
 Total Signal Drivers   : 8
 Total Blocks           : 3
 Total Primitive Blocks : 2
 Total Processes        : 11
 Total Traceable Variables  : 21
 Total Scalar Nets and Variables : 104
Total Line Count : 32

 Total Simulation Time: 0.078125 sec

 Current Memory Usage: 490.693 Meg

Sat Feb 13 17:08:00 2021

