Command line:
   full_adder_nand_tb_isim_beh.exe
     -simmode  gui
     -simrunnum  0
     -socket  49294

Mon Jan 11 14:55:39 2021


 Elaboration Time: 0.0625 sec

 Current Memory Usage: 490.783 Meg

 Total Signals          : 26
 Total Nets             : 24
 Total Signal Drivers   : 17
 Total Blocks           : 3
 Total Primitive Blocks : 2
 Total Processes        : 19
 Total Traceable Variables  : 21
 Total Scalar Nets and Variables : 107
Total Line Count : 23

 Total Simulation Time: 0.125 sec

 Current Memory Usage: 490.783 Meg

Mon Jan 11 14:58:58 2021

