Command line:
   D_FF_tb_isim_beh.exe
     -simmode  gui
     -simrunnum  0
     -socket  49197

Mon Jan 11 18:24:03 2021


 Elaboration Time: 0.0625 sec

 Current Memory Usage: 493.793 Meg

 Total Signals          : 15
 Total Nets             : 15
 Total Signal Drivers   : 8
 Total Blocks           : 3
 Total Primitive Blocks : 2
 Total Processes        : 11
 Total Traceable Variables  : 21
 Total Scalar Nets and Variables : 98
Total Line Count : 21

 Total Simulation Time: 0.125 sec

 Current Memory Usage: 493.793 Meg

Mon Jan 11 18:24:30 2021

