Command line:
   o_gate_isim_beh.exe
     -simmode  gui
     -simrunnum  0
     -socket  49581

Tue Jan 05 13:11:58 2021


 Elaboration Time: 0.0625 sec

 Current Memory Usage: 494.92 Meg

 Total Signals          : 15
 Total Nets             : 15
 Total Signal Drivers   : 6
 Total Blocks           : 2
 Total Primitive Blocks : 2
 Total Processes        : 7
 Total Traceable Variables  : 18
 Total Scalar Nets and Variables : 95
Total Line Count : 15

 Total Simulation Time: 0.09375 sec

 Current Memory Usage: 494.92 Meg

Tue Jan 05 13:12:25 2021

