Command line:
   T_FF_tb_isim_beh.exe
     -simmode  gui
     -simrunnum  0
     -socket  49206

Mon Jan 11 18:32:37 2021


 Elaboration Time: 0.0625 sec

 Current Memory Usage: 493.793 Meg

 Total Signals          : 15
 Total Nets             : 15
 Total Signal Drivers   : 8
 Total Blocks           : 3
 Total Primitive Blocks : 2
 Total Processes        : 11
 Total Traceable Variables  : 21
 Total Scalar Nets and Variables : 98
Total Line Count : 21

 Total Simulation Time: 0.109375 sec

 Current Memory Usage: 493.793 Meg

Mon Jan 11 18:33:03 2021

