Command line:
   johnson_counter_isim_beh.exe
     -simmode  gui
     -simrunnum  0
     -socket  49213

Sat Feb 13 17:01:20 2021


 Elaboration Time: 0.0625 sec

 Current Memory Usage: 490.693 Meg

 Total Signals          : 14
 Total Nets             : 18
 Total Signal Drivers   : 6
 Total Blocks           : 2
 Total Primitive Blocks : 2
 Total Processes        : 8
 Total Traceable Variables  : 19
 Total Scalar Nets and Variables : 102
Total Line Count : 23

 Total Simulation Time: 0.0625 sec

 Current Memory Usage: 490.693 Meg

Sat Feb 13 17:01:27 2021

