Release 13.1 - xst O.40d (nt64)
Copyright (c) 1995-2011 Xilinx, Inc.  All rights reserved.
--> Parameter TMPDIR set to xst/projnav.tmp


Total REAL time to Xst completion: 0.00 secs
Total CPU time to Xst completion: 0.22 secs
 
--> Parameter xsthdpdir set to xst


Total REAL time to Xst completion: 0.00 secs
Total CPU time to Xst completion: 0.22 secs
 
--> Reading design: fsm2.prj

TABLE OF CONTENTS
  1) Synthesis Options Summary
  2) HDL Compilation
  3) Design Hierarchy Analysis
  4) HDL Analysis
  5) HDL Synthesis
     5.1) HDL Synthesis Report
  6) Advanced HDL Synthesis
     6.1) Advanced HDL Synthesis Report
  7) Low Level Synthesis
  8) Partition Report
  9) Final Report
	9.1) Device utilization summary
	9.2) Partition Resource Summary
	9.3) TIMING REPORT


=========================================================================
*                      Synthesis Options Summary                        *
=========================================================================
---- Source Parameters
Input File Name                    : "fsm2.prj"
Input Format                       : mixed
Ignore Synthesis Constraint File   : NO

---- Target Parameters
Output File Name                   : "fsm2"
Output Format                      : NGC
Target Device                      : xc3s250e-4-cp132

---- Source Options
Top Module Name                    : fsm2
Automatic FSM Extraction           : YES
FSM Encoding Algorithm             : Auto
Safe Implementation                : No
FSM Style                          : LUT
RAM Extraction                     : Yes
RAM Style                          : Auto
ROM Extraction                     : Yes
Mux Style                          : Auto
Decoder Extraction                 : YES
Priority Encoder Extraction        : Yes
Shift Register Extraction          : YES
Logical Shifter Extraction         : YES
XOR Collapsing                     : YES
ROM Style                          : Auto
Mux Extraction                     : Yes
Resource Sharing                   : YES
Asynchronous To Synchronous        : NO
Multiplier Style                   : Auto
Automatic Register Balancing       : No

---- Target Options
Add IO Buffers                     : YES
Global Maximum Fanout              : 500
Add Generic Clock Buffer(BUFG)     : 24
Register Duplication               : YES
Slice Packing                      : YES
Optimize Instantiated Primitives   : NO
Use Clock Enable                   : Yes
Use Synchronous Set                : Yes
Use Synchronous Reset              : Yes
Pack IO Registers into IOBs        : Auto
Equivalent register Removal        : YES

---- General Options
Optimization Goal                  : Speed
Optimization Effort                : 1
Keep Hierarchy                     : No
Netlist Hierarchy                  : As_Optimized
RTL Output                         : Yes
Global Optimization                : AllClockNets
Read Cores                         : YES
Write Timing Constraints           : NO
Cross Clock Analysis               : NO
Hierarchy Separator                : /
Bus Delimiter                      : <>
Case Specifier                     : Maintain
Slice Utilization Ratio            : 100
BRAM Utilization Ratio             : 100
Verilog 2001                       : YES
Auto BRAM Packing                  : NO
Slice Utilization Ratio Delta      : 5

=========================================================================


=========================================================================
*                          HDL Compilation                              *
=========================================================================
Compiling verilog file "fsm2.v" in library work
Module <fsm2> compiled
No errors in compilation
Analysis of file <"fsm2.prj"> succeeded.
 

=========================================================================
*                     Design Hierarchy Analysis                         *
=========================================================================
Analyzing hierarchy for module <fsm2> in library <work>.


=========================================================================
*                            HDL Analysis                               *
=========================================================================
Analyzing top module <fsm2>.
Module <fsm2> is correct for synthesis.
 

=========================================================================
*                           HDL Synthesis                               *
=========================================================================

Performing bidirectional port resolution...

Synthesizing Unit <fsm2>.
    Related source file is "fsm2.v".
    Found 3-bit register for signal <state>.
    Summary:
	inferred   3 D-type flip-flop(s).
Unit <fsm2> synthesized.


=========================================================================
HDL Synthesis Report

Macro Statistics
# Registers                                            : 1
 3-bit register                                        : 1

=========================================================================

=========================================================================
*                       Advanced HDL Synthesis                          *
=========================================================================


=========================================================================
Advanced HDL Synthesis Report

Macro Statistics
# Registers                                            : 3
 Flip-Flops                                            : 3

=========================================================================

=========================================================================
*                         Low Level Synthesis                           *
=========================================================================

Optimizing unit <fsm2> ...

Mapping all equations...
Building and optimizing final netlist ...
Found area constraint ratio of 100 (+ 5) on block fsm2, actual ratio is 0.

Final Macro Processing ...

=========================================================================
Final Register Report

Macro Statistics
# Registers                                            : 3
 Flip-Flops                                            : 3

=========================================================================

=========================================================================
*                           Partition Report                            *
=========================================================================

Partition Implementation Status
-------------------------------

  No Partitions were found in this design.

-------------------------------

=========================================================================
*                            Final Report                               *
=========================================================================
Final Results
RTL Top Level Output File Name     : fsm2.ngr
Top Level Output File Name         : fsm2
Output Format                      : NGC
Optimization Goal                  : Speed
Keep Hierarchy                     : No

Design Statistics
# IOs                              : 4

Cell Usage :
# BELS                             : 4
#      LUT3                        : 1
#      LUT4                        : 3
# FlipFlops/Latches                : 3
#      FDR                         : 2
#      FDRS                        : 1
# Clock Buffers                    : 1
#      BUFGP                       : 1
# IO Buffers                       : 3
#      IBUF                        : 2
#      OBUF                        : 1
=========================================================================

Device utilization summary:
---------------------------

Selected Device : 3s250ecp132-4 

 Number of Slices:                        2  out of   2448     0%  
 Number of Slice Flip Flops:              3  out of   4896     0%  
 Number of 4 input LUTs:                  4  out of   4896     0%  
 Number of IOs:                           4
 Number of bonded IOBs:                   4  out of     92     4%  
 Number of GCLKs:                         1  out of     24     4%  

---------------------------
Partition Resource Summary:
---------------------------

  No Partitions were found in this design.

---------------------------


=========================================================================
TIMING REPORT

NOTE: THESE TIMING NUMBERS ARE ONLY A SYNTHESIS ESTIMATE.
      FOR ACCURATE TIMING INFORMATION PLEASE REFER TO THE TRACE REPORT
      GENERATED AFTER PLACE-and-ROUTE.

Clock Information:
------------------
-----------------------------------+------------------------+-------+
Clock Signal                       | Clock buffer(FF name)  | Load  |
-----------------------------------+------------------------+-------+
clk                                | BUFGP                  | 3     |
-----------------------------------+------------------------+-------+

Asynchronous Control Signals Information:
----------------------------------------
No asynchronous control signals found in this design

Timing Summary:
---------------
Speed Grade: -4

   Minimum period: 2.365ns (Maximum Frequency: 422.833MHz)
   Minimum input arrival time before clock: 2.992ns
   Maximum output required time after clock: 5.749ns
   Maximum combinational path delay: 6.205ns

Timing Detail:
--------------
All values displayed in nanoseconds (ns)

=========================================================================
Timing constraint: Default period analysis for Clock 'clk'
  Clock period: 2.365ns (frequency: 422.833MHz)
  Total number of paths / destination ports: 9 / 3
-------------------------------------------------------------------------
Delay:               2.365ns (Levels of Logic = 1)
  Source:            state_2 (FF)
  Destination:       state_0 (FF)
  Source Clock:      clk rising
  Destination Clock: clk rising

  Data Path: state_2 to state_0
                                Gate     Net
    Cell:in->out      fanout   Delay   Delay  Logical Name (Net Name)
    ----------------------------------------  ------------
     FDR:C->Q              4   0.591   0.762  state_2 (state_2)
     LUT3:I0->O            1   0.704   0.000  state_mux0000<2>11 (state_mux0000<2>1)
     FDRS:D                    0.308          state_0
    ----------------------------------------
    Total                      2.365ns (1.603ns logic, 0.762ns route)
                                       (67.8% logic, 32.2% route)

=========================================================================
Timing constraint: Default OFFSET IN BEFORE for Clock 'clk'
  Total number of paths / destination ports: 6 / 6
-------------------------------------------------------------------------
Offset:              2.992ns (Levels of Logic = 2)
  Source:            in (PAD)
  Destination:       state_1 (FF)
  Destination Clock: clk rising

  Data Path: in to state_1
                                Gate     Net
    Cell:in->out      fanout   Delay   Delay  Logical Name (Net Name)
    ----------------------------------------  ------------
     IBUF:I->O             4   1.218   0.762  in_IBUF (in_IBUF)
     LUT4:I0->O            1   0.704   0.000  state_mux0000<0>1 (state_mux0000<0>)
     FDR:D                     0.308          state_2
    ----------------------------------------
    Total                      2.992ns (2.230ns logic, 0.762ns route)
                                       (74.5% logic, 25.5% route)

=========================================================================
Timing constraint: Default OFFSET OUT AFTER for Clock 'clk'
  Total number of paths / destination ports: 3 / 1
-------------------------------------------------------------------------
Offset:              5.749ns (Levels of Logic = 2)
  Source:            state_2 (FF)
  Destination:       out (PAD)
  Source Clock:      clk rising

  Data Path: state_2 to out
                                Gate     Net
    Cell:in->out      fanout   Delay   Delay  Logical Name (Net Name)
    ----------------------------------------  ------------
     FDR:C->Q              4   0.591   0.762  state_2 (state_2)
     LUT4:I0->O            1   0.704   0.420  out1 (out_OBUF)
     OBUF:I->O                 3.272          out_OBUF (out)
    ----------------------------------------
    Total                      5.749ns (4.567ns logic, 1.182ns route)
                                       (79.4% logic, 20.6% route)

=========================================================================
Timing constraint: Default path analysis
  Total number of paths / destination ports: 1 / 1
-------------------------------------------------------------------------
Delay:               6.205ns (Levels of Logic = 3)
  Source:            in (PAD)
  Destination:       out (PAD)

  Data Path: in to out
                                Gate     Net
    Cell:in->out      fanout   Delay   Delay  Logical Name (Net Name)
    ----------------------------------------  ------------
     IBUF:I->O             4   1.218   0.591  in_IBUF (in_IBUF)
     LUT4:I3->O            1   0.704   0.420  out1 (out_OBUF)
     OBUF:I->O                 3.272          out_OBUF (out)
    ----------------------------------------
    Total                      6.205ns (5.194ns logic, 1.011ns route)
                                       (83.7% logic, 16.3% route)

=========================================================================


Total REAL time to Xst completion: 13.00 secs
Total CPU time to Xst completion: 12.53 secs
 
--> 

Total memory usage is 231616 kilobytes

Number of errors   :    0 (   0 filtered)
Number of warnings :    0 (   0 filtered)
Number of infos    :    0 (   0 filtered)

